   1              	 .cpu cortex-m0
   2              	 .fpu softvfp
   3              	 .eabi_attribute 20,1
   4              	 .eabi_attribute 21,1
   5              	 .eabi_attribute 23,3
   6              	 .eabi_attribute 24,1
   7              	 .eabi_attribute 25,1
   8              	 .eabi_attribute 26,1
   9              	 .eabi_attribute 30,6
  10              	 .eabi_attribute 34,0
  11              	 .eabi_attribute 18,4
  12              	 .code 16
  13              	 .file "interrupt_conf.c"
  14              	 .text
  15              	.Ltext0:
  16              	 .cfi_sections .debug_frame
  17              	 .global INTERRUPT_ECHO_IN
  18              	 .section .rodata.INTERRUPT_ECHO_IN,"a",%progbits
  19              	 .align 2
  22              	INTERRUPT_ECHO_IN:
  23 0000 17       	 .byte 23
  24 0001 03       	 .byte 3
  25 0002 01       	 .byte 1
  26              	 .global INTERRUPT_ECHO_OUT
  27 0003 00       	 .section .rodata.INTERRUPT_ECHO_OUT,"a",%progbits
  28              	 .align 2
  31              	INTERRUPT_ECHO_OUT:
  32 0000 18       	 .byte 24
  33 0001 03       	 .byte 3
  34 0002 01       	 .byte 1
  35 0003 00       	 .text
  36              	.Letext0:
  37              	 .file 1 "c:\\infineon\\tools\\dave ide\\4.5.0.202105191637\\eclipse\\arm-gcc-49\\arm-none-eabi\\include\\machine\\_default_types.h"
  38              	 .file 2 "c:\\infineon\\tools\\dave ide\\4.5.0.202105191637\\eclipse\\arm-gcc-49\\arm-none-eabi\\include\\stdint.h"
  39              	 .file 3 "C:/Users/danai/FisiereleMele/de mutat/uni/master/an1/sem1/sdtr/proiect/Intelligent-parking-place-system/Intelligent-parking-system/Libraries/CMSIS/Infineon/XMC1100_series/Include/XMC1100.h"
  40              	 .file 4 "../Dave/Generated/INTERRUPT/interrupt.h"
  41              	 .file 5 "C:/Users/danai/FisiereleMele/de mutat/uni/master/an1/sem1/sdtr/proiect/Intelligent-parking-place-system/Intelligent-parking-system/Libraries/CMSIS/Include/cmsis_gcc.h"
  42              	 .file 6 "../Dave/Generated/INTERRUPT/interrupt_conf.c"
DEFINED SYMBOLS
                            *ABS*:00000000 interrupt_conf.c
    {standard input}:22     .rodata.INTERRUPT_ECHO_IN:00000000 INTERRUPT_ECHO_IN
    {standard input}:19     .rodata.INTERRUPT_ECHO_IN:00000000 $d
    {standard input}:31     .rodata.INTERRUPT_ECHO_OUT:00000000 INTERRUPT_ECHO_OUT
    {standard input}:28     .rodata.INTERRUPT_ECHO_OUT:00000000 $d

NO UNDEFINED SYMBOLS
